The push refers to repository [docker.io/dude775/movie-api]
6cbda64e7fbe: Waiting
72c03230f136: Waiting
6ec7f4e699d7: Waiting
fff48cdf805e: Waiting
4b6b2afbcb1e: Waiting
67d75baa53d9: Waiting
c2ff74f1159e: Waiting
851221cd1456: Waiting
b2248b00f696: Waiting
6dc8148c4b61: Waiting
67d75baa53d9: Waiting
c2ff74f1159e: Waiting
851221cd1456: Waiting
b2248b00f696: Waiting
6dc8148c4b61: Waiting
6cbda64e7fbe: Waiting
72c03230f136: Waiting
6ec7f4e699d7: Waiting
fff48cdf805e: Waiting
4b6b2afbcb1e: Waiting
67d75baa53d9: Waiting
c2ff74f1159e: Waiting
851221cd1456: Waiting
b2248b00f696: Waiting
6dc8148c4b61: Waiting
6cbda64e7fbe: Waiting
72c03230f136: Waiting
6ec7f4e699d7: Waiting
fff48cdf805e: Waiting
4b6b2afbcb1e: Waiting
72c03230f136: Waiting
6ec7f4e699d7: Waiting
fff48cdf805e: Waiting
4b6b2afbcb1e: Waiting
67d75baa53d9: Waiting
c2ff74f1159e: Waiting
851221cd1456: Waiting
b2248b00f696: Waiting
6dc8148c4b61: Waiting
6cbda64e7fbe: Waiting
851221cd1456: Waiting
b2248b00f696: Waiting
6dc8148c4b61: Waiting
6cbda64e7fbe: Waiting
72c03230f136: Waiting
6ec7f4e699d7: Waiting
fff48cdf805e: Waiting
4b6b2afbcb1e: Waiting
67d75baa53d9: Waiting
c2ff74f1159e: Waiting
c2ff74f1159e: Waiting
851221cd1456: Waiting
b2248b00f696: Waiting
6dc8148c4b61: Waiting
6cbda64e7fbe: Waiting
72c03230f136: Waiting
6ec7f4e699d7: Waiting
fff48cdf805e: Waiting
4b6b2afbcb1e: Waiting
67d75baa53d9: Waiting
b2248b00f696: Waiting
6dc8148c4b61: Waiting
6cbda64e7fbe: Waiting
72c03230f136: Waiting
6ec7f4e699d7: Waiting
fff48cdf805e: Waiting
4b6b2afbcb1e: Waiting
67d75baa53d9: Waiting
c2ff74f1159e: Waiting
851221cd1456: Waiting
6dc8148c4b61: Waiting
6cbda64e7fbe: Waiting
72c03230f136: Waiting
6ec7f4e699d7: Waiting
fff48cdf805e: Waiting
4b6b2afbcb1e: Waiting
67d75baa53d9: Waiting
c2ff74f1159e: Waiting
851221cd1456: Waiting
b2248b00f696: Waiting
b2248b00f696: Waiting
6dc8148c4b61: Waiting
6cbda64e7fbe: Waiting
72c03230f136: Waiting
6ec7f4e699d7: Waiting
fff48cdf805e: Waiting
4b6b2afbcb1e: Waiting
67d75baa53d9: Waiting
c2ff74f1159e: Waiting
851221cd1456: Waiting
67d75baa53d9: Waiting
c2ff74f1159e: Waiting
851221cd1456: Waiting
b2248b00f696: Waiting
6dc8148c4b61: Waiting
6cbda64e7fbe: Waiting
72c03230f136: Waiting
6ec7f4e699d7: Waiting
fff48cdf805e: Waiting
4b6b2afbcb1e: Waiting
c2ff74f1159e: Waiting
851221cd1456: Waiting
b2248b00f696: Waiting
6dc8148c4b61: Waiting
6cbda64e7fbe: Waiting
72c03230f136: Waiting
6ec7f4e699d7: Waiting
fff48cdf805e: Waiting
4b6b2afbcb1e: Waiting
67d75baa53d9: Waiting
6cbda64e7fbe: Waiting
72c03230f136: Waiting
6ec7f4e699d7: Waiting
fff48cdf805e: Waiting
4b6b2afbcb1e: Waiting
67d75baa53d9: Waiting
c2ff74f1159e: Waiting
851221cd1456: Waiting
b2248b00f696: Waiting
6dc8148c4b61: Waiting
6dc8148c4b61: Waiting
6cbda64e7fbe: Waiting
72c03230f136: Waiting
6ec7f4e699d7: Waiting
fff48cdf805e: Waiting
4b6b2afbcb1e: Waiting
67d75baa53d9: Waiting
c2ff74f1159e: Waiting
851221cd1456: Waiting
b2248b00f696: Waiting
fff48cdf805e: Waiting
4b6b2afbcb1e: Waiting
67d75baa53d9: Waiting
c2ff74f1159e: Waiting
851221cd1456: Waiting
b2248b00f696: Waiting
6dc8148c4b61: Waiting
6cbda64e7fbe: Waiting
72c03230f136: Waiting
6ec7f4e699d7: Waiting
fff48cdf805e: Waiting
4b6b2afbcb1e: Waiting
67d75baa53d9: Waiting
c2ff74f1159e: Waiting
851221cd1456: Waiting
b2248b00f696: Waiting
6dc8148c4b61: Waiting
6cbda64e7fbe: Waiting
72c03230f136: Waiting
6ec7f4e699d7: Waiting
67d75baa53d9: Waiting
c2ff74f1159e: Waiting
851221cd1456: Waiting
b2248b00f696: Waiting
6dc8148c4b61: Waiting
6cbda64e7fbe: Waiting
72c03230f136: Waiting
6ec7f4e699d7: Waiting
fff48cdf805e: Waiting
4b6b2afbcb1e: Waiting
6cbda64e7fbe: Waiting
72c03230f136: Waiting
6ec7f4e699d7: Waiting
fff48cdf805e: Waiting
4b6b2afbcb1e: Waiting
67d75baa53d9: Waiting
c2ff74f1159e: Waiting
851221cd1456: Waiting
b2248b00f696: Waiting
6dc8148c4b61: Waiting
6dc8148c4b61: Waiting
6cbda64e7fbe: Waiting
72c03230f136: Waiting
6ec7f4e699d7: Waiting
fff48cdf805e: Waiting
4b6b2afbcb1e: Waiting
67d75baa53d9: Waiting
c2ff74f1159e: Waiting
851221cd1456: Waiting
b2248b00f696: Waiting
c2ff74f1159e: Waiting
851221cd1456: Waiting
b2248b00f696: Waiting
6dc8148c4b61: Waiting
6cbda64e7fbe: Waiting
72c03230f136: Waiting
6ec7f4e699d7: Waiting
fff48cdf805e: Waiting
4b6b2afbcb1e: Waiting
67d75baa53d9: Waiting
b2248b00f696: Waiting
6dc8148c4b61: Waiting
6cbda64e7fbe: Waiting
72c03230f136: Waiting
6ec7f4e699d7: Waiting
fff48cdf805e: Waiting
4b6b2afbcb1e: Waiting
67d75baa53d9: Waiting
c2ff74f1159e: Waiting
851221cd1456: Waiting
6dc8148c4b61: Waiting
6cbda64e7fbe: Waiting
72c03230f136: Waiting
6ec7f4e699d7: Waiting
fff48cdf805e: Waiting
4b6b2afbcb1e: Waiting
67d75baa53d9: Waiting
c2ff74f1159e: Waiting
851221cd1456: Waiting
b2248b00f696: Waiting
The push refers to repository [docker.io/idf775/movie-api]
6ec7f4e699d7: Waiting
4b6b2afbcb1e: Waiting
6cbda64e7fbe: Waiting
b2248b00f696: Waiting
fff48cdf805e: Waiting
72c03230f136: Waiting
67d75baa53d9: Waiting
c2ff74f1159e: Waiting
6dc8148c4b61: Waiting
851221cd1456: Waiting
67d75baa53d9: Waiting
c2ff74f1159e: Waiting
6dc8148c4b61: Waiting
851221cd1456: Waiting
6ec7f4e699d7: Waiting
4b6b2afbcb1e: Waiting
6cbda64e7fbe: Waiting
b2248b00f696: Waiting
fff48cdf805e: Waiting
72c03230f136: Waiting
6cbda64e7fbe: Waiting
b2248b00f696: Waiting
fff48cdf805e: Waiting
72c03230f136: Waiting
67d75baa53d9: Waiting
c2ff74f1159e: Waiting
6dc8148c4b61: Waiting
851221cd1456: Waiting
6ec7f4e699d7: Waiting
4b6b2afbcb1e: Waiting
fff48cdf805e: Waiting
72c03230f136: Waiting
67d75baa53d9: Waiting
c2ff74f1159e: Waiting
6dc8148c4b61: Waiting
851221cd1456: Waiting
6ec7f4e699d7: Waiting
4b6b2afbcb1e: Waiting
6cbda64e7fbe: Waiting
b2248b00f696: Waiting
c2ff74f1159e: Waiting
6dc8148c4b61: Waiting
851221cd1456: Waiting
6ec7f4e699d7: Waiting
4b6b2afbcb1e: Waiting
6cbda64e7fbe: Waiting
b2248b00f696: Waiting
fff48cdf805e: Waiting
72c03230f136: Waiting
67d75baa53d9: Waiting
67d75baa53d9: Waiting
c2ff74f1159e: Waiting
6dc8148c4b61: Waiting
851221cd1456: Waiting
6ec7f4e699d7: Waiting
4b6b2afbcb1e: Waiting
6cbda64e7fbe: Waiting
b2248b00f696: Waiting
fff48cdf805e: Waiting
72c03230f136: Waiting
67d75baa53d9: Waiting
c2ff74f1159e: Waiting
6dc8148c4b61: Waiting
851221cd1456: Waiting
6ec7f4e699d7: Waiting
4b6b2afbcb1e: Waiting
6cbda64e7fbe: Waiting
b2248b00f696: Waiting
fff48cdf805e: Waiting
72c03230f136: Waiting
67d75baa53d9: Waiting
c2ff74f1159e: Waiting
6dc8148c4b61: Waiting
851221cd1456: Waiting
6ec7f4e699d7: Waiting
4b6b2afbcb1e: Waiting
6cbda64e7fbe: Waiting
b2248b00f696: Waiting
fff48cdf805e: Waiting
72c03230f136: Waiting
6dc8148c4b61: Waiting
851221cd1456: Waiting
6ec7f4e699d7: Layer already exists
4b6b2afbcb1e: Waiting
6cbda64e7fbe: Waiting
b2248b00f696: Waiting
fff48cdf805e: Waiting
72c03230f136: Waiting
67d75baa53d9: Waiting
c2ff74f1159e: Waiting
6dc8148c4b61: Waiting
851221cd1456: Waiting
4b6b2afbcb1e: Waiting
6cbda64e7fbe: Waiting
b2248b00f696: Waiting
fff48cdf805e: Waiting
72c03230f136: Waiting
67d75baa53d9: Waiting
c2ff74f1159e: Waiting
67d75baa53d9: Waiting
c2ff74f1159e: Waiting
6dc8148c4b61: Waiting
851221cd1456: Waiting
4b6b2afbcb1e: Waiting
6cbda64e7fbe: Waiting
b2248b00f696: Waiting
fff48cdf805e: Waiting
72c03230f136: Waiting
67d75baa53d9: Waiting
c2ff74f1159e: Waiting
6dc8148c4b61: Waiting
851221cd1456: Layer already exists
4b6b2afbcb1e: Waiting
6cbda64e7fbe: Waiting
b2248b00f696: Waiting
fff48cdf805e: Waiting
72c03230f136: Layer already exists
67d75baa53d9: Waiting
c2ff74f1159e: Waiting
6dc8148c4b61: Layer already exists
4b6b2afbcb1e: Layer already exists
6cbda64e7fbe: Layer already exists
b2248b00f696: Waiting
fff48cdf805e: Layer already exists
b2248b00f696: Waiting
67d75baa53d9: Waiting
c2ff74f1159e: Pushed
b2248b00f696: Pushed
67d75baa53d9: Pushed
1.0: digest: sha256:d883ae7523bb03949a7105727307064156ff736fa89be421622cd7bed4051312 size: 856
