[1A[1B[0G[?25l
[?25h[1A[0G[?25l[+] Building 0.0s (0/1)                                    docker:desktop-linux
[?25h[1A[0G[?25l[+] Building 0.2s (1/2)                                    docker:desktop-linux
[36m => [internal] load build definition from Dockerfile                       0.0s
[0m[36m => => transferring dockerfile: 313B                                       0.0s
[0m => [internal] load metadata for docker.io/library/python:3.12-slim        0.1s
[?25h[1A[1A[1A[1A[0G[?25l[+] Building 0.3s (1/2)                                    docker:desktop-linux
[36m => [internal] load build definition from Dockerfile                       0.0s
[0m[36m => => transferring dockerfile: 313B                                       0.0s
[0m => [internal] load metadata for docker.io/library/python:3.12-slim        0.3s
[?25h[1A[1A[1A[1A[0G[?25l[+] Building 0.5s (1/2)                                    docker:desktop-linux
[36m => [internal] load build definition from Dockerfile                       0.0s
[0m[36m => => transferring dockerfile: 313B                                       0.0s
[0m => [internal] load metadata for docker.io/library/python:3.12-slim        0.4s
[?25h[1A[1A[1A[1A[0G[?25l[+] Building 0.6s (1/2)                                    docker:desktop-linux
[36m => [internal] load build definition from Dockerfile                       0.0s
[0m[36m => => transferring dockerfile: 313B                                       0.0s
[0m => [internal] load metadata for docker.io/library/python:3.12-slim        0.6s
[?25h[1A[1A[1A[1A[0G[?25l[+] Building 0.7s (1/3)                                    docker:desktop-linux
[36m => [internal] load build definition from Dockerfile                       0.0s
[0m[36m => => transferring dockerfile: 313B                                       0.0s
[0m => [internal] load metadata for docker.io/library/python:3.12-slim        0.7s
 => [auth] library/python:pull token for registry-1.docker.io              0.0s
[?25h[1A[1A[1A[1A[1A[0G[?25l[+] Building 0.9s (2/3)                                    docker:desktop-linux
[36m => [internal] load build definition from Dockerfile                       0.0s
[0m[36m => => transferring dockerfile: 313B                                       0.0s
[0m => [internal] load metadata for docker.io/library/python:3.12-slim        0.8s
[36m => [auth] library/python:pull token for registry-1.docker.io              0.0s
[0m[?25h[1A[1A[1A[1A[1A[0G[?25l[+] Building 1.0s (2/3)                                    docker:desktop-linux
[36m => [internal] load build definition from Dockerfile                       0.0s
[0m[36m => => transferring dockerfile: 313B                                       0.0s
[0m => [internal] load metadata for docker.io/library/python:3.12-slim        1.0s
[36m => [auth] library/python:pull token for registry-1.docker.io              0.0s
[0m[?25h[1A[1A[1A[1A[1A[0G[?25l[+] Building 1.2s (2/3)                                    docker:desktop-linux
[36m => [internal] load build definition from Dockerfile                       0.0s
[0m[36m => => transferring dockerfile: 313B                                       0.0s
[0m => [internal] load metadata for docker.io/library/python:3.12-slim        1.1s
[36m => [auth] library/python:pull token for registry-1.docker.io              0.0s
[0m[?25h[1A[1A[1A[1A[1A[0G[?25l[+] Building 1.2s (3/3)                                    docker:desktop-linux
[36m => [internal] load build definition from Dockerfile                       0.0s
[0m[36m => => transferring dockerfile: 313B                                       0.0s
[0m[36m => [internal] load metadata for docker.io/library/python:3.12-slim        0.1s
[0m[36m => [auth] library/python:pull token for registry-1.docker.io              0.0s
[0m[?25h[1A[1A[1A[1A[1A[0G[?25l[+] Building 1.3s (10/11)                                  docker:desktop-linux
[36m => [1/6] FROM docker.io/library/python:3.12-slim@sha256:d764629ce0ddd8c7  0.0s
[0m[36m => => resolve docker.io/library/python:3.12-slim@sha256:d764629ce0ddd8c7  0.0s
[0m[36m => [internal] load build context                                          0.0s
[0m[36m => => transferring context: 12.35kB                                       0.0s
[0m[36m => CACHED [2/6] WORKDIR /app                                              0.0s
[0m[36m => CACHED [3/6] COPY requirements.txt .                                   0.0s
[0m[36m => CACHED [4/6] RUN pip install --no-cache-dir -r requirements.txt        0.0s
[0m[36m => [5/6] COPY app ./app                                                   0.0s
[0m[?25h[1A[1A[1A[1A[1A[1A[1A[1A[1A[0G[?25l[+] Building 1.4s (10/11)                                  docker:desktop-linux
[36m => => resolve docker.io/library/python:3.12-slim@sha256:d764629ce0ddd8c7  0.0s
[0m[36m => [internal] load build context                                          0.0s
[0m[36m => => transferring context: 12.35kB                                       0.0s
[0m[36m => CACHED [2/6] WORKDIR /app                                              0.0s
[0m[36m => CACHED [3/6] COPY requirements.txt .                                   0.0s
[0m[36m => CACHED [4/6] RUN pip install --no-cache-dir -r requirements.txt        0.0s
[0m[36m => [5/6] COPY app ./app                                                   0.0s
[0m => [6/6] RUN useradd -m appuser                                           1.1s
[?25h[1A[1A[1A[1A[1A[1A[1A[1A[1A[0G[?25l[+] Building 1.6s (10/11)                                  docker:desktop-linux
[36m => => resolve docker.io/library/python:3.12-slim@sha256:d764629ce0ddd8c7  0.0s
[0m[36m => [internal] load build context                                          0.0s
[0m[36m => => transferring context: 12.35kB                                       0.0s
[0m[36m => CACHED [2/6] WORKDIR /app                                              0.0s
[0m[36m => CACHED [3/6] COPY requirements.txt .                                   0.0s
[0m[36m => CACHED [4/6] RUN pip install --no-cache-dir -r requirements.txt        0.0s
[0m[36m => [5/6] COPY app ./app                                                   0.0s
[0m => [6/6] RUN useradd -m appuser                                           1.3s
[?25h[1A[1A[1A[1A[1A[1A[1A[1A[1A[0G[?25l[+] Building 1.7s (10/11)                                  docker:desktop-linux
[36m => => resolve docker.io/library/python:3.12-slim@sha256:d764629ce0ddd8c7  0.0s
[0m[36m => [internal] load build context                                          0.0s
[0m[36m => => transferring context: 12.35kB                                       0.0s
[0m[36m => CACHED [2/6] WORKDIR /app                                              0.0s
[0m[36m => CACHED [3/6] COPY requirements.txt .                                   0.0s
[0m[36m => CACHED [4/6] RUN pip install --no-cache-dir -r requirements.txt        0.0s
[0m[36m => [5/6] COPY app ./app                                                   0.0s
[0m => [6/6] RUN useradd -m appuser                                           1.4s
[?25h[1A[1A[1A[1A[1A[1A[1A[1A[1A[0G[?25l[+] Building 1.8s (11/11)                                  docker:desktop-linux
[36m => => resolve docker.io/library/python:3.12-slim@sha256:d764629ce0ddd8c7  0.0s
[0m[36m => [internal] load build context                                          0.0s
[0m[36m => => transferring context: 12.35kB                                       0.0s
[0m[36m => CACHED [2/6] WORKDIR /app                                              0.0s
[0m[36m => CACHED [3/6] COPY requirements.txt .                                   0.0s
[0m[36m => CACHED [4/6] RUN pip install --no-cache-dir -r requirements.txt        0.0s
[0m[36m => [5/6] COPY app ./app                                                   0.0s
[0m[36m => [6/6] RUN useradd -m appuser                                           0.5s
[0m[?25h[1A[1A[1A[1A[1A[1A[1A[1A[1A[0G[?25l[+] Building 1.9s (11/12)                                  docker:desktop-linux
[36m => CACHED [3/6] COPY requirements.txt .                                   0.0s
[0m[36m => CACHED [4/6] RUN pip install --no-cache-dir -r requirements.txt        0.0s
[0m[36m => [5/6] COPY app ./app                                                   0.0s
[0m[36m => [6/6] RUN useradd -m appuser                                           0.5s
[0m => exporting to image                                                     1.1s
[36m => => exporting layers                                                    0.1s
[0m[36m => => exporting manifest sha256:3c1db9b102c9c9c973d217a0ff9f8d4fdbb1cbd8  0.0s
[0m => => exporting config sha256:7915abb7294f38308130a5ec41755d1c32f9a5e609  1.0s
[?25h[1A[1A[1A[1A[1A[1A[1A[1A[1A[0G[?25l[+] Building 2.0s (11/12)                                  docker:desktop-linux
 => exporting to image                                                     1.2s
[36m => => exporting layers                                                    0.1s
[0m[36m => => exporting manifest sha256:3c1db9b102c9c9c973d217a0ff9f8d4fdbb1cbd8  0.0s
[0m[36m => => exporting config sha256:7915abb7294f38308130a5ec41755d1c32f9a5e609  0.0s
[0m[36m => => exporting attestation manifest sha256:d4ff192ac832340c1ab3742dcde3  0.0s
[0m[36m => => exporting manifest list sha256:d883ae7523bb03949a7105727307064156f  0.0s
[0m[36m => => naming to docker.io/dude775/movie-api:1.0                           0.0s
[0m[36m => => unpacking to docker.io/dude775/movie-api:1.0                        0.0s
[0m[?25h[1A[1A[1A[1A[1A[1A[1A[1A[1A[0G[?25l[+] Building 2.2s (12/12) FINISHED                         docker:desktop-linux
[36m => [internal] load build definition from Dockerfile                       0.0s
[0m[36m => => transferring dockerfile: 313B                                       0.0s
[0m[36m => [internal] load metadata for docker.io/library/python:3.12-slim        0.1s
[0m[36m => [auth] library/python:pull token for registry-1.docker.io              0.0s
[0m[36m => [internal] load .dockerignore                                          0.0s
[0m[36m => => transferring context: 113B                                          0.0s
[0m[36m => [1/6] FROM docker.io/library/python:3.12-slim@sha256:d764629ce0ddd8c7  0.0s
[0m[36m => => resolve docker.io/library/python:3.12-slim@sha256:d764629ce0ddd8c7  0.0s
[0m[36m => [internal] load build context                                          0.0s
[0m[36m => => transferring context: 12.35kB                                       0.0s
[0m[36m => CACHED [2/6] WORKDIR /app                                              0.0s
[0m[36m => CACHED [3/6] COPY requirements.txt .                                   0.0s
[0m[36m => CACHED [4/6] RUN pip install --no-cache-dir -r requirements.txt        0.0s
[0m[36m => [5/6] COPY app ./app                                                   0.0s
[0m[36m => [6/6] RUN useradd -m appuser                                           0.5s
[0m[36m => exporting to image                                                     0.2s
[0m[36m => => exporting layers                                                    0.1s
[0m[36m => => exporting manifest sha256:3c1db9b102c9c9c973d217a0ff9f8d4fdbb1cbd8  0.0s
[0m[36m => => exporting config sha256:7915abb7294f38308130a5ec41755d1c32f9a5e609  0.0s
[0m[36m => => exporting attestation manifest sha256:d4ff192ac832340c1ab3742dcde3  0.0s
[0m[36m => => exporting manifest list sha256:d883ae7523bb03949a7105727307064156f  0.0s
[0m[36m => => naming to docker.io/dude775/movie-api:1.0                           0.0s
[0m[36m => => unpacking to docker.io/dude775/movie-api:1.0                        0.0s
[0m[?25h